<?xml version="1.0" encoding="UTF-8"?>
<!-- Generated by org.testng.reporters.JUnitReportReporter -->
<testsuite skipped="0" hostname="arkas-MacBook-Pro.local" name="com.Jabong.qa.TestCases.HomePageTest" tests="2" failures="0" timestamp="06 Jun 2018 04:55:59 GMT" time="23.956" errors="0">
  <testcase name="VerifyHomePageTitleTest" time="10.617" classname="com.Jabong.qa.TestCases.HomePageTest"/>
  <testcase name="SearchItemServiceTest" time="13.339" classname="com.Jabong.qa.TestCases.HomePageTest"/>
</testsuite> <!-- com.Jabong.qa.TestCases.HomePageTest -->
